09:13:12.028 [main] INFO  com.shalkevich.andrei.training2017.services.impl.MovieServiceImpl - Insert new movie with id=324, title=MovieForTest1, age bracket=test1+, duration=300, description=bla bla test1
09:13:12.076 [main] INFO  com.shalkevich.andrei.training2017.services.impl.MovieTheaterServiceImpl - Insert new movietheater with theater.id=302, theater.name=Cinema1, theater.city=City, theater.address=ul. 1, 1, theater.isActive=true
09:13:12.078 [main] INFO  com.shalkevich.andrei.training2017.services.impl.SeanceServiceImpl - Insert new seance with movietheater_id=302, movie_id=324, date=2090-04-02T00:00:00.000+0300, time=1970-01-01T18:00:00.000+0300
09:13:12.144 [main] INFO  com.shalkevich.andrei.training2017.services.impl.TicketServiceImpl - insert new Ticket
09:13:12.176 [main] INFO  com.shalkevich.andrei.training2017.services.impl.TicketServiceImpl - insert new Ticket
09:13:12.207 [main] INFO  com.shalkevich.andrei.training2017.services.impl.CustomerServiceImpl - Insert new customer with id=104, login=testLogin, firstName=testFirstName, lastName=testLastName, eMail=test@mail
09:13:12.209 [main] INFO  com.shalkevich.andrei.training2017.services.impl.BookingServiceImpl - Insert new Zakaz
09:13:12.217 [main] INFO  com.shalkevich.andrei.training2017.services.impl.BookingServiceImpl - Insert new Zakaz
09:13:12.221 [main] INFO  com.shalkevich.andrei.training2017.services.impl.BookingServiceImpl - Get zakaz with {id} = 20
09:13:12.234 [main] INFO  com.shalkevich.andrei.training2017.services.impl.BookingServiceImpl - Update new Zakaz
09:13:12.235 [main] INFO  com.shalkevich.andrei.training2017.services.impl.BookingServiceImpl - Get zakaz with {id} = 20
09:13:12.244 [main] INFO  com.shalkevich.andrei.training2017.services.impl.MovieServiceImpl - Insert new movie with id=325, title=MovieForTest1, age bracket=test1+, duration=300, description=bla bla test1
09:13:12.245 [main] INFO  com.shalkevich.andrei.training2017.services.impl.MovieTheaterServiceImpl - Insert new movietheater with theater.id=303, theater.name=Cinema1, theater.city=City, theater.address=ul. 1, 1, theater.isActive=true
09:13:12.246 [main] INFO  com.shalkevich.andrei.training2017.services.impl.SeanceServiceImpl - Insert new seance with movietheater_id=303, movie_id=325, date=2090-04-02T00:00:00.000+0300, time=1970-01-01T18:00:00.000+0300
09:13:12.248 [main] INFO  com.shalkevich.andrei.training2017.services.impl.TicketServiceImpl - insert new Ticket
09:13:12.250 [main] INFO  com.shalkevich.andrei.training2017.services.impl.TicketServiceImpl - insert new Ticket
09:13:12.252 [main] INFO  com.shalkevich.andrei.training2017.services.impl.CustomerServiceImpl - Insert new customer with id=105, login=testLogin, firstName=testFirstName, lastName=testLastName, eMail=test@mail
09:13:12.253 [main] INFO  com.shalkevich.andrei.training2017.services.impl.BookingServiceImpl - Insert new Zakaz
09:13:12.256 [main] INFO  com.shalkevich.andrei.training2017.services.impl.BookingServiceImpl - Insert new Zakaz
09:13:12.259 [main] INFO  com.shalkevich.andrei.training2017.services.impl.BookingServiceImpl - Get zakaz with {id} = 22
09:13:12.266 [main] INFO  com.shalkevich.andrei.training2017.services.impl.MovieServiceImpl - Insert new movie with id=326, title=MovieForTest1, age bracket=test1+, duration=300, description=bla bla test1
09:13:12.267 [main] INFO  com.shalkevich.andrei.training2017.services.impl.MovieTheaterServiceImpl - Insert new movietheater with theater.id=304, theater.name=Cinema1, theater.city=City, theater.address=ul. 1, 1, theater.isActive=true
09:13:12.267 [main] INFO  com.shalkevich.andrei.training2017.services.impl.SeanceServiceImpl - Insert new seance with movietheater_id=304, movie_id=326, date=2090-04-02T00:00:00.000+0300, time=1970-01-01T18:00:00.000+0300
09:13:12.269 [main] INFO  com.shalkevich.andrei.training2017.services.impl.TicketServiceImpl - insert new Ticket
09:13:12.270 [main] INFO  com.shalkevich.andrei.training2017.services.impl.TicketServiceImpl - insert new Ticket
09:13:12.272 [main] INFO  com.shalkevich.andrei.training2017.services.impl.CustomerServiceImpl - Insert new customer with id=106, login=testLogin, firstName=testFirstName, lastName=testLastName, eMail=test@mail
09:13:12.273 [main] INFO  com.shalkevich.andrei.training2017.services.impl.BookingServiceImpl - Insert new Zakaz
09:13:12.275 [main] INFO  com.shalkevich.andrei.training2017.services.impl.BookingServiceImpl - Insert new Zakaz
09:13:12.277 [main] INFO  com.shalkevich.andrei.training2017.services.impl.BookingServiceImpl - Saving new bookings from array
09:23:27.720 [main] INFO  com.shalkevich.andrei.training2017.services.impl.MovieServiceImpl - Insert new movie with id=327, title=MovieForTest1, age bracket=test1+, duration=300, description=bla bla test1
09:23:27.725 [main] INFO  com.shalkevich.andrei.training2017.services.impl.MovieTheaterServiceImpl - Insert new movietheater with theater.id=305, theater.name=Cinema1, theater.city=City, theater.address=ul. 1, 1, theater.isActive=true
09:23:27.729 [main] INFO  com.shalkevich.andrei.training2017.services.impl.SeanceServiceImpl - Insert new seance with movietheater_id=305, movie_id=327, date=2090-04-02T00:00:00.000+0300, time=1970-01-01T18:00:00.000+0300
09:23:27.739 [main] INFO  com.shalkevich.andrei.training2017.services.impl.TicketServiceImpl - insert new Ticket
09:23:27.744 [main] INFO  com.shalkevich.andrei.training2017.services.impl.TicketServiceImpl - insert new Ticket
09:23:27.749 [main] INFO  com.shalkevich.andrei.training2017.services.impl.CustomerServiceImpl - Insert new customer with id=107, login=testLogin, firstName=testFirstName, lastName=testLastName, eMail=test@mail
09:23:27.750 [main] INFO  com.shalkevich.andrei.training2017.services.impl.BookingServiceImpl - Insert new Zakaz
09:23:27.757 [main] INFO  com.shalkevich.andrei.training2017.services.impl.BookingServiceImpl - Insert new Zakaz
09:23:27.760 [main] INFO  com.shalkevich.andrei.training2017.services.impl.BookingServiceImpl - Get zakaz with {id} = 26
09:23:27.771 [main] INFO  com.shalkevich.andrei.training2017.services.impl.BookingServiceImpl - Update new Zakaz
09:23:27.772 [main] INFO  com.shalkevich.andrei.training2017.services.impl.BookingServiceImpl - Get zakaz with {id} = 26
09:23:27.782 [main] INFO  com.shalkevich.andrei.training2017.services.impl.MovieServiceImpl - Insert new movie with id=328, title=MovieForTest1, age bracket=test1+, duration=300, description=bla bla test1
09:23:27.783 [main] INFO  com.shalkevich.andrei.training2017.services.impl.MovieTheaterServiceImpl - Insert new movietheater with theater.id=306, theater.name=Cinema1, theater.city=City, theater.address=ul. 1, 1, theater.isActive=true
09:23:27.784 [main] INFO  com.shalkevich.andrei.training2017.services.impl.SeanceServiceImpl - Insert new seance with movietheater_id=306, movie_id=328, date=2090-04-02T00:00:00.000+0300, time=1970-01-01T18:00:00.000+0300
09:23:27.786 [main] INFO  com.shalkevich.andrei.training2017.services.impl.TicketServiceImpl - insert new Ticket
09:23:27.788 [main] INFO  com.shalkevich.andrei.training2017.services.impl.TicketServiceImpl - insert new Ticket
09:23:27.791 [main] INFO  com.shalkevich.andrei.training2017.services.impl.CustomerServiceImpl - Insert new customer with id=108, login=testLogin, firstName=testFirstName, lastName=testLastName, eMail=test@mail
09:23:27.792 [main] INFO  com.shalkevich.andrei.training2017.services.impl.BookingServiceImpl - Insert new Zakaz
09:23:27.796 [main] INFO  com.shalkevich.andrei.training2017.services.impl.BookingServiceImpl - Insert new Zakaz
09:23:27.804 [main] INFO  com.shalkevich.andrei.training2017.services.impl.MovieServiceImpl - Insert new movie with id=329, title=MovieForTest1, age bracket=test1+, duration=300, description=bla bla test1
09:23:27.805 [main] INFO  com.shalkevich.andrei.training2017.services.impl.MovieTheaterServiceImpl - Insert new movietheater with theater.id=307, theater.name=Cinema1, theater.city=City, theater.address=ul. 1, 1, theater.isActive=true
09:23:27.805 [main] INFO  com.shalkevich.andrei.training2017.services.impl.SeanceServiceImpl - Insert new seance with movietheater_id=307, movie_id=329, date=2090-04-02T00:00:00.000+0300, time=1970-01-01T18:00:00.000+0300
09:23:27.807 [main] INFO  com.shalkevich.andrei.training2017.services.impl.TicketServiceImpl - insert new Ticket
09:23:27.808 [main] INFO  com.shalkevich.andrei.training2017.services.impl.TicketServiceImpl - insert new Ticket
09:23:27.810 [main] INFO  com.shalkevich.andrei.training2017.services.impl.CustomerServiceImpl - Insert new customer with id=109, login=testLogin, firstName=testFirstName, lastName=testLastName, eMail=test@mail
09:23:27.811 [main] INFO  com.shalkevich.andrei.training2017.services.impl.BookingServiceImpl - Insert new Zakaz
09:23:27.813 [main] INFO  com.shalkevich.andrei.training2017.services.impl.BookingServiceImpl - Insert new Zakaz
09:23:27.815 [main] INFO  com.shalkevich.andrei.training2017.services.impl.BookingServiceImpl - Get zakaz with {id} = 30
09:23:27.821 [main] INFO  com.shalkevich.andrei.training2017.services.impl.MovieServiceImpl - Insert new movie with id=330, title=MovieForTest1, age bracket=test1+, duration=300, description=bla bla test1
09:23:27.822 [main] INFO  com.shalkevich.andrei.training2017.services.impl.MovieTheaterServiceImpl - Insert new movietheater with theater.id=308, theater.name=Cinema1, theater.city=City, theater.address=ul. 1, 1, theater.isActive=true
09:23:27.823 [main] INFO  com.shalkevich.andrei.training2017.services.impl.SeanceServiceImpl - Insert new seance with movietheater_id=308, movie_id=330, date=2090-04-02T00:00:00.000+0300, time=1970-01-01T18:00:00.000+0300
09:23:27.825 [main] INFO  com.shalkevich.andrei.training2017.services.impl.TicketServiceImpl - insert new Ticket
09:23:27.826 [main] INFO  com.shalkevich.andrei.training2017.services.impl.TicketServiceImpl - insert new Ticket
09:23:27.828 [main] INFO  com.shalkevich.andrei.training2017.services.impl.CustomerServiceImpl - Insert new customer with id=110, login=testLogin, firstName=testFirstName, lastName=testLastName, eMail=test@mail
09:23:27.828 [main] INFO  com.shalkevich.andrei.training2017.services.impl.BookingServiceImpl - Insert new Zakaz
09:23:27.831 [main] INFO  com.shalkevich.andrei.training2017.services.impl.BookingServiceImpl - Insert new Zakaz
09:23:27.835 [main] INFO  com.shalkevich.andrei.training2017.services.impl.BookingServiceImpl - Saving new bookings from array
09:29:13.878 [main] INFO  com.shalkevich.andrei.training2017.services.impl.MovieServiceImpl - Insert new movie with id=331, title=MovieForTest1, age bracket=test1+, duration=300, description=bla bla test1
09:29:13.885 [main] INFO  com.shalkevich.andrei.training2017.services.impl.MovieTheaterServiceImpl - Insert new movietheater with theater.id=309, theater.name=Cinema1, theater.city=City, theater.address=ul. 1, 1, theater.isActive=true
09:29:13.890 [main] INFO  com.shalkevich.andrei.training2017.services.impl.SeanceServiceImpl - Insert new seance with movietheater_id=309, movie_id=331, date=2090-04-02T00:00:00.000+0300, time=1970-01-01T18:00:00.000+0300
09:29:13.899 [main] INFO  com.shalkevich.andrei.training2017.services.impl.TicketServiceImpl - insert new Ticket
09:29:13.905 [main] INFO  com.shalkevich.andrei.training2017.services.impl.TicketServiceImpl - insert new Ticket
09:29:13.910 [main] INFO  com.shalkevich.andrei.training2017.services.impl.CustomerServiceImpl - Insert new customer with id=111, login=testLogin, firstName=testFirstName, lastName=testLastName, eMail=test@mail
09:29:13.912 [main] INFO  com.shalkevich.andrei.training2017.services.impl.BookingServiceImpl - Insert new Zakaz
09:29:13.921 [main] INFO  com.shalkevich.andrei.training2017.services.impl.BookingServiceImpl - Insert new Zakaz
09:29:13.924 [main] INFO  com.shalkevich.andrei.training2017.services.impl.BookingServiceImpl - Get zakaz with {id} = 34
09:29:13.938 [main] INFO  com.shalkevich.andrei.training2017.services.impl.BookingServiceImpl - Update new Zakaz
09:29:13.940 [main] INFO  com.shalkevich.andrei.training2017.services.impl.BookingServiceImpl - Get zakaz with {id} = 34
09:29:13.951 [main] INFO  com.shalkevich.andrei.training2017.services.impl.MovieServiceImpl - Insert new movie with id=332, title=MovieForTest1, age bracket=test1+, duration=300, description=bla bla test1
09:29:13.953 [main] INFO  com.shalkevich.andrei.training2017.services.impl.MovieTheaterServiceImpl - Insert new movietheater with theater.id=310, theater.name=Cinema1, theater.city=City, theater.address=ul. 1, 1, theater.isActive=true
09:29:13.954 [main] INFO  com.shalkevich.andrei.training2017.services.impl.SeanceServiceImpl - Insert new seance with movietheater_id=310, movie_id=332, date=2090-04-02T00:00:00.000+0300, time=1970-01-01T18:00:00.000+0300
09:29:13.957 [main] INFO  com.shalkevich.andrei.training2017.services.impl.TicketServiceImpl - insert new Ticket
09:29:13.959 [main] INFO  com.shalkevich.andrei.training2017.services.impl.TicketServiceImpl - insert new Ticket
09:29:13.963 [main] INFO  com.shalkevich.andrei.training2017.services.impl.CustomerServiceImpl - Insert new customer with id=112, login=testLogin, firstName=testFirstName, lastName=testLastName, eMail=test@mail
09:29:13.964 [main] INFO  com.shalkevich.andrei.training2017.services.impl.BookingServiceImpl - Insert new Zakaz
09:29:13.969 [main] INFO  com.shalkevich.andrei.training2017.services.impl.BookingServiceImpl - Insert new Zakaz
09:29:13.972 [main] INFO  com.shalkevich.andrei.training2017.services.impl.BookingServiceImpl - Delete zakaz with id= 36
09:29:13.974 [main] INFO  com.shalkevich.andrei.training2017.services.impl.BookingServiceImpl - Get zakaz with {id} = 36
09:29:13.981 [main] INFO  com.shalkevich.andrei.training2017.services.impl.MovieServiceImpl - Insert new movie with id=333, title=MovieForTest1, age bracket=test1+, duration=300, description=bla bla test1
09:29:13.983 [main] INFO  com.shalkevich.andrei.training2017.services.impl.MovieTheaterServiceImpl - Insert new movietheater with theater.id=311, theater.name=Cinema1, theater.city=City, theater.address=ul. 1, 1, theater.isActive=true
09:29:13.984 [main] INFO  com.shalkevich.andrei.training2017.services.impl.SeanceServiceImpl - Insert new seance with movietheater_id=311, movie_id=333, date=2090-04-02T00:00:00.000+0300, time=1970-01-01T18:00:00.000+0300
09:29:13.986 [main] INFO  com.shalkevich.andrei.training2017.services.impl.TicketServiceImpl - insert new Ticket
09:29:13.988 [main] INFO  com.shalkevich.andrei.training2017.services.impl.TicketServiceImpl - insert new Ticket
09:29:13.990 [main] INFO  com.shalkevich.andrei.training2017.services.impl.CustomerServiceImpl - Insert new customer with id=113, login=testLogin, firstName=testFirstName, lastName=testLastName, eMail=test@mail
09:29:13.991 [main] INFO  com.shalkevich.andrei.training2017.services.impl.BookingServiceImpl - Insert new Zakaz
09:29:13.994 [main] INFO  com.shalkevich.andrei.training2017.services.impl.BookingServiceImpl - Insert new Zakaz
09:29:13.997 [main] INFO  com.shalkevich.andrei.training2017.services.impl.BookingServiceImpl - Get zakaz with {id} = 38
09:29:14.004 [main] INFO  com.shalkevich.andrei.training2017.services.impl.MovieServiceImpl - Insert new movie with id=334, title=MovieForTest1, age bracket=test1+, duration=300, description=bla bla test1
09:29:14.006 [main] INFO  com.shalkevich.andrei.training2017.services.impl.MovieTheaterServiceImpl - Insert new movietheater with theater.id=312, theater.name=Cinema1, theater.city=City, theater.address=ul. 1, 1, theater.isActive=true
09:29:14.007 [main] INFO  com.shalkevich.andrei.training2017.services.impl.SeanceServiceImpl - Insert new seance with movietheater_id=312, movie_id=334, date=2090-04-02T00:00:00.000+0300, time=1970-01-01T18:00:00.000+0300
09:29:14.009 [main] INFO  com.shalkevich.andrei.training2017.services.impl.TicketServiceImpl - insert new Ticket
09:29:14.010 [main] INFO  com.shalkevich.andrei.training2017.services.impl.TicketServiceImpl - insert new Ticket
09:29:14.012 [main] INFO  com.shalkevich.andrei.training2017.services.impl.CustomerServiceImpl - Insert new customer with id=114, login=testLogin, firstName=testFirstName, lastName=testLastName, eMail=test@mail
09:29:14.013 [main] INFO  com.shalkevich.andrei.training2017.services.impl.BookingServiceImpl - Insert new Zakaz
09:29:14.016 [main] INFO  com.shalkevich.andrei.training2017.services.impl.BookingServiceImpl - Insert new Zakaz
09:29:14.020 [main] INFO  com.shalkevich.andrei.training2017.services.impl.BookingServiceImpl - Saving new bookings from array
18:27:18.879 [main] INFO  com.shalkevich.andrei.training2017.services.impl.CustomerServiceImpl - Delete customer with id= 5
18:28:18.005 [main] INFO  com.shalkevich.andrei.training2017.services.impl.CustomerServiceImpl - Delete customer with id= 11
18:33:41.540 [main] INFO  com.shalkevich.andrei.training2017.services.impl.CustomerServiceImpl - Delete customer with id= 17
18:35:04.950 [main] INFO  com.shalkevich.andrei.training2017.services.impl.CustomerServiceImpl - Delete customer with id= 23
14:04:07.999 [main] INFO  com.shalkevich.andrei.training2017.services.impl.TicketServiceImpl - Return booked unbought by user ticket on sale with ticket id = 179
14:05:17.233 [main] INFO  com.shalkevich.andrei.training2017.services.impl.TicketServiceImpl - Return booked unbought by user ticket on sale with ticket id = 191
14:07:35.664 [main] INFO  com.shalkevich.andrei.training2017.services.impl.TicketServiceImpl - Return booked unbought by user ticket on sale with ticket id = 203
14:07:35.671 [main] INFO  com.shalkevich.andrei.training2017.services.impl.TicketServiceImpl - You can't delete booking of ticket because it is not time
14:08:44.921 [main] INFO  com.shalkevich.andrei.training2017.services.impl.TicketServiceImpl - Return booked unbought by user ticket on sale with ticket id = 215
14:09:11.990 [main] INFO  com.shalkevich.andrei.training2017.services.impl.TicketServiceImpl - You can't delete booking of ticket because it is not time
14:27:47.062 [main] INFO  com.shalkevich.andrei.training2017.services.impl.TicketServiceImpl - You can't delete booking of ticket because it is not time
14:29:32.295 [main] INFO  com.shalkevich.andrei.training2017.services.impl.TicketServiceImpl - You can't delete booking of ticket because it is not time
14:31:47.192 [main] INFO  com.shalkevich.andrei.training2017.services.impl.TicketServiceImpl - You can't delete booking of ticket because it is not time
14:35:48.824 [main] INFO  com.shalkevich.andrei.training2017.services.impl.TicketServiceImpl - You can't delete booking of ticket because it is not time
16:14:02.381 [main] INFO  com.shalkevich.andrei.training2017.services.impl.TicketServiceImpl - You can't delete booking of ticket because it is not time
16:41:05.831 [main] INFO  com.shalkevich.andrei.training2017.services.impl.TicketServiceImpl - You can't delete booking of ticket because it is not time
16:41:05.939 [main] INFO  com.shalkevich.andrei.training2017.services.impl.TicketServiceImpl - Delete ticket by id = 323
16:41:05.940 [main] INFO  com.shalkevich.andrei.training2017.services.impl.TicketServiceImpl - Delete ticket by id = 324
16:41:06.012 [main] INFO  com.shalkevich.andrei.training2017.services.impl.TicketServiceImpl - Delete ticket by id = 331
16:49:14.250 [main] INFO  com.shalkevich.andrei.training2017.services.impl.TicketServiceImpl - You can't delete booking of ticket because it is not time
16:49:14.353 [main] INFO  com.shalkevich.andrei.training2017.services.impl.TicketServiceImpl - Delete ticket by id = 349
16:49:14.355 [main] INFO  com.shalkevich.andrei.training2017.services.impl.TicketServiceImpl - Delete ticket by id = 350
16:49:14.423 [main] INFO  com.shalkevich.andrei.training2017.services.impl.TicketServiceImpl - Delete ticket by id = 357
16:50:25.980 [main] INFO  com.shalkevich.andrei.training2017.services.impl.TicketServiceImpl - You can't delete booking of ticket because it is not time
16:50:26.099 [main] INFO  com.shalkevich.andrei.training2017.services.impl.TicketServiceImpl - Delete ticket by id = 375
16:50:26.100 [main] INFO  com.shalkevich.andrei.training2017.services.impl.TicketServiceImpl - Delete ticket by id = 376
16:50:26.157 [main] INFO  com.shalkevich.andrei.training2017.services.impl.TicketServiceImpl - Delete ticket by id = 383
17:07:56.821 [main] INFO  com.shalkevich.andrei.training2017.services.impl.TicketServiceImpl - You can't delete booking of ticket because it is not time
17:07:56.937 [main] INFO  com.shalkevich.andrei.training2017.services.impl.TicketServiceImpl - Delete ticket by id = 401
17:07:56.939 [main] INFO  com.shalkevich.andrei.training2017.services.impl.TicketServiceImpl - Delete ticket by id = 402
17:07:57.003 [main] INFO  com.shalkevich.andrei.training2017.services.impl.TicketServiceImpl - Delete ticket by id = 409
09:41:28.236 [main] INFO  com.shalkevich.andrei.training2017.services.impl.TicketServiceImpl - You can't delete booking of ticket because it is not time
09:41:28.563 [main] INFO  com.shalkevich.andrei.training2017.services.impl.TicketServiceImpl - Delete ticket by id = 855
09:41:28.563 [main] INFO  com.shalkevich.andrei.training2017.services.impl.TicketServiceImpl - Delete ticket by id = 856
09:41:28.641 [main] INFO  com.shalkevich.andrei.training2017.services.impl.TicketServiceImpl - Delete ticket by id = 863
09:42:57.350 [main] INFO  com.shalkevich.andrei.training2017.services.impl.TicketServiceImpl - You can't delete booking of ticket because it is not time
09:42:57.444 [main] INFO  com.shalkevich.andrei.training2017.services.impl.TicketServiceImpl - Delete ticket by id = 881
09:42:57.459 [main] INFO  com.shalkevich.andrei.training2017.services.impl.TicketServiceImpl - Delete ticket by id = 882
09:42:57.522 [main] INFO  com.shalkevich.andrei.training2017.services.impl.TicketServiceImpl - Delete ticket by id = 889
10:10:02.592 [main] INFO  com.shalkevich.andrei.training2017.services.impl.TicketServiceImpl - You can't delete booking of ticket because it is not time
10:10:02.701 [main] INFO  com.shalkevich.andrei.training2017.services.impl.TicketServiceImpl - Delete ticket by id = 953
10:10:02.701 [main] INFO  com.shalkevich.andrei.training2017.services.impl.TicketServiceImpl - Delete ticket by id = 954
10:10:02.763 [main] INFO  com.shalkevich.andrei.training2017.services.impl.TicketServiceImpl - Delete ticket by id = 961
